<?xml version="1.0" encoding="UTF-8"?>
<testng-results ignored="0" total="1" passed="0" failed="1" skipped="0">
  <reporter-output>
  </reporter-output>
  <suite started-at="2023-06-03T18:01:51 KST" name="Default suite" finished-at="2023-06-03T18:01:53 KST" duration-ms="1560">
    <groups>
    </groups>
    <test started-at="2023-06-03T18:01:51 KST" name="Default test" finished-at="2023-06-03T18:01:53 KST" duration-ms="1560">
      <class name="ryanshin.Appium">
        <test-method signature="AppiumTest()[pri:0, instance:ryanshin.Appium@53aac487]" started-at="2023-06-03T18:01:51 KST" name="AppiumTest" finished-at="2023-06-03T18:01:53 KST" duration-ms="1498" status="FAIL">
          <exception class="org.openqa.selenium.SessionNotCreatedException">
            <message>
              <![CDATA[Could not start a new session. Response code 500. Message: An unknown server-side error occurred while processing the command. Original error: Neither ANDROID_HOME nor ANDROID_SDK_ROOT environment variable was exported. Read https://developer.android.com/studio/command-line/variables for more details 
Host info: host: 'Ryans-MacBook-Pro.local', ip: 'fe80:0:0:0:8ba:cf92:fbfb:8ee%en0'
Build info: version: '4.9.1', revision: 'eb2032df7f'
System info: os.name: 'Mac OS X', os.arch: 'x86_64', os.version: '13.2.1', java.version: '11.0.18'
Driver info: io.appium.java_client.android.AndroidDriver
Command: [null, newSession {capabilities=[{appium:deviceName=ryanphone, platformName=ANDROID, appium:automationName=UIAutomator2, appium:app=//Users//ryanshin//eclipse-workspace//Appium//src//test//java//resources//ApiDemos-debug.apk}], desiredCapabilities=Capabilities {appium:app: //Users//ryanshin//eclipse-..., appium:automationName: UIAutomator2, appium:deviceName: ryanphone, platformName: ANDROID}}]
Capabilities {appium:app: //Users//ryanshin//eclipse-..., appium:automationName: UIAutomator2, appium:deviceName: ryanphone, platformName: ANDROID}]]>
            </message>
            <full-stacktrace>
              <![CDATA[org.openqa.selenium.SessionNotCreatedException: Could not start a new session. Response code 500. Message: An unknown server-side error occurred while processing the command. Original error: Neither ANDROID_HOME nor ANDROID_SDK_ROOT environment variable was exported. Read https://developer.android.com/studio/command-line/variables for more details 
Host info: host: 'Ryans-MacBook-Pro.local', ip: 'fe80:0:0:0:8ba:cf92:fbfb:8ee%en0'
Build info: version: '4.9.1', revision: 'eb2032df7f'
System info: os.name: 'Mac OS X', os.arch: 'x86_64', os.version: '13.2.1', java.version: '11.0.18'
Driver info: io.appium.java_client.android.AndroidDriver
Command: [null, newSession {capabilities=[{appium:deviceName=ryanphone, platformName=ANDROID, appium:automationName=UIAutomator2, appium:app=//Users//ryanshin//eclipse-workspace//Appium//src//test//java//resources//ApiDemos-debug.apk}], desiredCapabilities=Capabilities {appium:app: //Users//ryanshin//eclipse-..., appium:automationName: UIAutomator2, appium:deviceName: ryanphone, platformName: ANDROID}}]
Capabilities {appium:app: //Users//ryanshin//eclipse-..., appium:automationName: UIAutomator2, appium:deviceName: ryanphone, platformName: ANDROID}
at org.openqa.selenium.remote.ProtocolHandshake.createSession(ProtocolHandshake.java:136)
at java.base/jdk.internal.reflect.NativeMethodAccessorImpl.invoke0(Native Method)
at java.base/jdk.internal.reflect.NativeMethodAccessorImpl.invoke(NativeMethodAccessorImpl.java:62)
at java.base/jdk.internal.reflect.DelegatingMethodAccessorImpl.invoke(DelegatingMethodAccessorImpl.java:43)
at java.base/java.lang.reflect.Method.invoke(Method.java:566)
at io.appium.java_client.remote.AppiumProtocolHandshake.createSession(AppiumProtocolHandshake.java:133)
at io.appium.java_client.remote.AppiumProtocolHandshake.createSession(AppiumProtocolHandshake.java:102)
at io.appium.java_client.remote.AppiumCommandExecutor.createSession(AppiumCommandExecutor.java:194)
at io.appium.java_client.remote.AppiumCommandExecutor.execute(AppiumCommandExecutor.java:262)
at org.openqa.selenium.remote.RemoteWebDriver.execute(RemoteWebDriver.java:543)
at io.appium.java_client.AppiumDriver.startSession(AppiumDriver.java:229)
at org.openqa.selenium.remote.RemoteWebDriver.<init>(RemoteWebDriver.java:157)
at io.appium.java_client.AppiumDriver.<init>(AppiumDriver.java:80)
at io.appium.java_client.AppiumDriver.<init>(AppiumDriver.java:92)
at io.appium.java_client.android.AndroidDriver.<init>(AndroidDriver.java:117)
at ryanshin.Appium.AppiumTest(Appium.java:24)
at java.base/jdk.internal.reflect.NativeMethodAccessorImpl.invoke0(Native Method)
at java.base/jdk.internal.reflect.NativeMethodAccessorImpl.invoke(NativeMethodAccessorImpl.java:62)
at java.base/jdk.internal.reflect.DelegatingMethodAccessorImpl.invoke(DelegatingMethodAccessorImpl.java:43)
at java.base/java.lang.reflect.Method.invoke(Method.java:566)
at org.testng.internal.invokers.MethodInvocationHelper.invokeMethod(MethodInvocationHelper.java:139)
at org.testng.internal.invokers.TestInvoker.invokeMethod(TestInvoker.java:677)
at org.testng.internal.invokers.TestInvoker.invokeTestMethod(TestInvoker.java:221)
at org.testng.internal.invokers.MethodRunner.runInSequence(MethodRunner.java:50)
at org.testng.internal.invokers.TestInvoker$MethodInvocationAgent.invoke(TestInvoker.java:969)
at org.testng.internal.invokers.TestInvoker.invokeTestMethods(TestInvoker.java:194)
at org.testng.internal.invokers.TestMethodWorker.invokeTestMethods(TestMethodWorker.java:148)
at org.testng.internal.invokers.TestMethodWorker.run(TestMethodWorker.java:128)
at java.base/java.util.ArrayList.forEach(ArrayList.java:1541)
at org.testng.TestRunner.privateRun(TestRunner.java:829)
at org.testng.TestRunner.run(TestRunner.java:602)
at org.testng.SuiteRunner.runTest(SuiteRunner.java:437)
at org.testng.SuiteRunner.runSequentially(SuiteRunner.java:431)
at org.testng.SuiteRunner.privateRun(SuiteRunner.java:391)
at org.testng.SuiteRunner.run(SuiteRunner.java:330)
at org.testng.SuiteRunnerWorker.runSuite(SuiteRunnerWorker.java:52)
at org.testng.SuiteRunnerWorker.run(SuiteRunnerWorker.java:95)
at org.testng.TestNG.runSuitesSequentially(TestNG.java:1256)
at org.testng.TestNG.runSuitesLocally(TestNG.java:1176)
at org.testng.TestNG.runSuites(TestNG.java:1099)
at org.testng.TestNG.run(TestNG.java:1067)
at org.testng.remote.AbstractRemoteTestNG.run(AbstractRemoteTestNG.java:115)
at org.testng.remote.RemoteTestNG.initAndRun(RemoteTestNG.java:251)
at org.testng.remote.RemoteTestNG.main(RemoteTestNG.java:77)
]]>
            </full-stacktrace>
          </exception> <!-- org.openqa.selenium.SessionNotCreatedException -->
          <reporter-output>
          </reporter-output>
        </test-method> <!-- AppiumTest -->
      </class> <!-- ryanshin.Appium -->
    </test> <!-- Default test -->
  </suite> <!-- Default suite -->
</testng-results>
